build/app/intermediates/proguard-rules/release/aapt_rules.txt
# Referenced at merged_manifests\release\AndroidManifest.xml:25
-keep class androidx.core.app.CoreComponentFactory { <init>(); }
# Referenced at merged_manifests\release\AndroidManifest.xml:88
-keep class com.google.android.gms.common.api.GoogleApiActivity { <init>(); }
# Referenced at merged_manifests\release\AndroidManifest.xml:33
-keep class in.simplem.scaffold.MainActivity { <init>(); }
# Referenced at merged_manifests\release\AndroidManifest.xml:75
-keep class io.flutter.plugins.imagepicker.ImagePickerFileProvider { <init>(); }