build/app/outputs/mapping/release/mapping.txt
# compiler: R8
# compiler_version: 1.5.69
# min_api: 20
# pg_map_id: 9e74a75
...
com.google.crypto.tink.proto.KeyTypeEntryOrBuilder -> e.a.b.a.y.b1:
com.google.crypto.tink.proto.Keyset -> e.a.b.a.y.c1:
    void access$1400(com.google.crypto.tink.proto.Keyset,int) -> a
    void access$1700(com.google.crypto.tink.proto.Keyset,com.google.crypto.tink.proto.Keyset$Key) -> a
    void addKey(com.google.crypto.tink.proto.Keyset$Key) -> a
    java.lang.Object dynamicMethod(com.google.crypto.tink.shaded.protobuf.GeneratedMessageLite$MethodToInvoke,java.lang.Object,java.lang.Object) -> a
    com.google.crypto.tink.proto.Keyset parseFrom(byte[],com.google.crypto.tink.shaded.protobuf.ExtensionRegistryLite) -> a
    com.google.crypto.tink.proto.Keyset$Key getKey(int) -> b
    void setPrimaryKeyId(int) -> c
    int getKeyCount() -> o
    java.util.List getKeyList() -> p
    int getPrimaryKeyId() -> q
    com.google.crypto.tink.proto.Keyset access$1300() -> r
    void ensureKeyIsMutable() -> s
    com.google.crypto.tink.proto.Keyset$Builder newBuilder() -> t
com.google.crypto.tink.proto.Keyset$1 -> e.a.b.a.y.c1$a:
    int[] $SwitchMap$com$google$protobuf$GeneratedMessageLite$MethodToInvoke -> a
com.google.crypto.tink.proto.Keyset$Builder -> e.a.b.a.y.c1$b:
    com.google.crypto.tink.proto.Keyset$Builder addKey(com.google.crypto.tink.proto.Keyset$Key) -> a
    com.google.crypto.tink.proto.Keyset$Key getKey(int) -> a
    com.google.crypto.tink.proto.Keyset$Builder setPrimaryKeyId(int) -> b
    int getKeyCount() -> g
    java.util.List getKeyList() -> h
com.google.crypto.tink.proto.Keyset$Key -> e.a.b.a.y.c1$c:
    void access$100(com.google.crypto.tink.proto.Keyset$Key,com.google.crypto.tink.proto.KeyData) -> a
    void access$1000(com.google.crypto.tink.proto.Keyset$Key,com.google.crypto.tink.proto.OutputPrefixType) -> a
    void access$500(com.google.crypto.tink.proto.Keyset$Key,com.google.crypto.tink.proto.KeyStatusType) -> a
    void access$700(com.google.crypto.tink.proto.Keyset$Key,int) -> a
    java.lang.Object dynamicMethod(com.google.crypto.tink.shaded.protobuf.GeneratedMessageLite$MethodToInvoke,java.lang.Object,java.lang.Object) -> a
    void setKeyData(com.google.crypto.tink.proto.KeyData) -> a
    void setOutputPrefixType(com.google.crypto.tink.proto.OutputPrefixType) -> a
    void setStatus(com.google.crypto.tink.proto.KeyStatusType) -> a
    void setKeyId(int) -> b
    com.google.crypto.tink.proto.KeyData getKeyData() -> o
    int getKeyId() -> p
    com.google.crypto.tink.proto.OutputPrefixType getOutputPrefixType() -> q
    com.google.crypto.tink.proto.KeyStatusType getStatus() -> r
    boolean hasKeyData() -> s
    com.google.crypto.tink.proto.Keyset$Key access$000() -> t
    com.google.crypto.tink.proto.Keyset$Key$Builder newBuilder() -> u
com.google.crypto.tink.proto.Keyset$Key$Builder -> e.a.b.a.y.c1$c$a:
    com.google.crypto.tink.proto.Keyset$Key$Builder setKeyData(com.google.crypto.tink.proto.KeyData) -> a
    com.google.crypto.tink.proto.Keyset$Key$Builder setKeyId(int) -> a
    com.google.crypto.tink.proto.Keyset$Key$Builder setOutputPrefixType(com.google.crypto.tink.proto.OutputPrefixType) -> a
    com.google.crypto.tink.proto.Keyset$Key$Builder setStatus(com.google.crypto.tink.proto.KeyStatusType) -> a
com.google.crypto.tink.proto.Keyset$KeyOrBuilder -> e.a.b.a.y.c1$d: